<?xml version="1.0" encoding="UTF-8"?>
<!-- Generated by org.testng.reporters.JUnitReportReporter -->
<testsuite skipped="0" hostname="LapWinX-DAC8" name="com.dac.testcases.VisibilityTest" tests="2" failures="0" timestamp="11 Apr 2018 19:41:18 GMT" time="85.937" errors="0">
  <testcase name="veriy_DashboardKPIScore" time="21.321" classname="com.dac.testcases.VisibilityTest"/>
  <testcase name="veriy_VisibilityReport" time="64.616" classname="com.dac.testcases.VisibilityTest"/>
</testsuite> <!-- com.dac.testcases.VisibilityTest -->
