<?xml version="1.0" encoding="UTF-8"?>
<!-- Generated by org.testng.reporters.JUnitReportReporter -->
<testsuite skipped="0" hostname="LapWinX-DAC8" name="com.dac.testcases.LoginpageTests" tests="1" failures="0" timestamp="11 Apr 2018 19:41:18 GMT" time="44.820" errors="0">
  <testcase name="invalid_login" time="44.820" classname="com.dac.testcases.LoginpageTests"/>
</testsuite> <!-- com.dac.testcases.LoginpageTests -->
