<?xml version="1.0" encoding="UTF-8"?>
<!-- Generated by org.testng.reporters.JUnitReportReporter -->
<testsuite skipped="0" hostname="LapWinX-DAC8" name="com.dac.testcases.LoginpageValidLogin" tests="1" failures="0" timestamp="11 Apr 2018 19:41:18 GMT" time="44.078" errors="0">
  <testcase name="valid_login" time="44.078" classname="com.dac.testcases.LoginpageValidLogin"/>
</testsuite> <!-- com.dac.testcases.LoginpageValidLogin -->
